{"/Users/xiu/Documents/Agri_Passport/Agri-Passport-backend/controllers/authController.js": {"path":"/Users/xiu/Documents/Agri_Passport/Agri-Passport-backend/controllers/authController.js","statementMap":{"0":{"start":{"line":1,"column":13},"end":{"line":1,"column":43}},"1":{"start":{"line":2,"column":22},"end":{"line":2,"column":55}},"2":{"start":{"line":3,"column":21},"end":{"line":3,"column":53}},"3":{"start":{"line":6,"column":0},"end":{"line":29,"column":2}},"4":{"start":{"line":7,"column":46},"end":{"line":7,"column":54}},"5":{"start":{"line":9,"column":2},"end":{"line":28,"column":3}},"6":{"start":{"line":10,"column":4},"end":{"line":12,"column":5}},"7":{"start":{"line":11,"column":6},"end":{"line":11,"column":73}},"8":{"start":{"line":14,"column":23},"end":{"line":14,"column":52}},"9":{"start":{"line":15,"column":4},"end":{"line":15,"column":84}},"10":{"start":{"line":15,"column":20},"end":{"line":15,"column":84}},"11":{"start":{"line":17,"column":17},"end":{"line":17,"column":71}},"12":{"start":{"line":19,"column":4},"end":{"line":25,"column":7}},"13":{"start":{"line":27,"column":4},"end":{"line":27,"column":74}},"14":{"start":{"line":33,"column":0},"end":{"line":51,"column":2}},"15":{"start":{"line":34,"column":30},"end":{"line":34,"column":38}},"16":{"start":{"line":35,"column":2},"end":{"line":50,"column":3}},"17":{"start":{"line":36,"column":17},"end":{"line":36,"column":46}},"18":{"start":{"line":37,"column":4},"end":{"line":47,"column":5}},"19":{"start":{"line":38,"column":6},"end":{"line":44,"column":9}},"20":{"start":{"line":46,"column":6},"end":{"line":46,"column":69}},"21":{"start":{"line":49,"column":4},"end":{"line":49,"column":74}},"22":{"start":{"line":53,"column":0},"end":{"line":62,"column":3}},"23":{"start":{"line":54,"column":15},"end":{"line":54,"column":68}},"24":{"start":{"line":56,"column":2},"end":{"line":61,"column":3}},"25":{"start":{"line":57,"column":4},"end":{"line":57,"column":19}},"26":{"start":{"line":59,"column":4},"end":{"line":59,"column":20}},"27":{"start":{"line":60,"column":4},"end":{"line":60,"column":38}}},"fnMap":{"0":{"name":"(anonymous_0)","decl":{"start":{"line":6,"column":23},"end":{"line":6,"column":24}},"loc":{"start":{"line":6,"column":43},"end":{"line":29,"column":1}},"line":6},"1":{"name":"(anonymous_1)","decl":{"start":{"line":33,"column":19},"end":{"line":33,"column":20}},"loc":{"start":{"line":33,"column":39},"end":{"line":51,"column":1}},"line":33},"2":{"name":"(anonymous_2)","decl":{"start":{"line":53,"column":38},"end":{"line":53,"column":39}},"loc":{"start":{"line":53,"column":58},"end":{"line":62,"column":1}},"line":53}},"branchMap":{"0":{"loc":{"start":{"line":10,"column":4},"end":{"line":12,"column":5}},"type":"if","locations":[{"start":{"line":10,"column":4},"end":{"line":12,"column":5}},{"start":{},"end":{}}],"line":10},"1":{"loc":{"start":{"line":15,"column":4},"end":{"line":15,"column":84}},"type":"if","locations":[{"start":{"line":15,"column":4},"end":{"line":15,"column":84}},{"start":{},"end":{}}],"line":15},"2":{"loc":{"start":{"line":37,"column":4},"end":{"line":47,"column":5}},"type":"if","locations":[{"start":{"line":37,"column":4},"end":{"line":47,"column":5}},{"start":{"line":45,"column":11},"end":{"line":47,"column":5}}],"line":37},"3":{"loc":{"start":{"line":37,"column":8},"end":{"line":37,"column":52}},"type":"binary-expr","locations":[{"start":{"line":37,"column":8},"end":{"line":37,"column":12}},{"start":{"line":37,"column":17},"end":{"line":37,"column":51}}],"line":37},"4":{"loc":{"start":{"line":56,"column":2},"end":{"line":61,"column":3}},"type":"if","locations":[{"start":{"line":56,"column":2},"end":{"line":61,"column":3}},{"start":{"line":58,"column":9},"end":{"line":61,"column":3}}],"line":56}},"s":{"0":2,"1":2,"2":2,"3":2,"4":11,"5":11,"6":11,"7":5,"8":6,"9":5,"10":1,"11":4,"12":4,"13":1,"14":2,"15":6,"16":6,"17":6,"18":5,"19":2,"20":3,"21":1,"22":2,"23":0,"24":0,"25":0,"26":0,"27":0},"f":{"0":11,"1":6,"2":0},"b":{"0":[5,6],"1":[1,4],"2":[2,3],"3":[5,3],"4":[0,0]},"_coverageSchema":"1a1c01bbd47fc00a2c39e90264f33305004495a9","hash":"ae723d26fd6195b40ce88ccb7b4c084ecf63712c"}
,"/Users/xiu/Documents/Agri_Passport/Agri-Passport-backend/controllers/batchController.js": {"path":"/Users/xiu/Documents/Agri_Passport/Agri-Passport-backend/controllers/batchController.js","statementMap":{"0":{"start":{"line":1,"column":14},"end":{"line":1,"column":45}},"1":{"start":{"line":3,"column":0},"end":{"line":35,"column":2}},"2":{"start":{"line":4,"column":2},"end":{"line":34,"column":3}},"3":{"start":{"line":14,"column":8},"end":{"line":14,"column":16}},"4":{"start":{"line":16,"column":18},"end":{"line":16,"column":53}},"5":{"start":{"line":18,"column":21},"end":{"line":29,"column":6}},"6":{"start":{"line":31,"column":4},"end":{"line":31,"column":35}},"7":{"start":{"line":33,"column":4},"end":{"line":33,"column":83}},"8":{"start":{"line":38,"column":0},"end":{"line":53,"column":2}},"9":{"start":{"line":39,"column":2},"end":{"line":52,"column":3}},"10":{"start":{"line":40,"column":23},"end":{"line":40,"column":32}},"11":{"start":{"line":41,"column":19},"end":{"line":41,"column":21}},"12":{"start":{"line":44,"column":4},"end":{"line":46,"column":5}},"13":{"start":{"line":45,"column":6},"end":{"line":45,"column":29}},"14":{"start":{"line":48,"column":20},"end":{"line":48,"column":44}},"15":{"start":{"line":49,"column":4},"end":{"line":49,"column":22}},"16":{"start":{"line":51,"column":4},"end":{"line":51,"column":64}},"17":{"start":{"line":56,"column":0},"end":{"line":60,"column":2}},"18":{"start":{"line":57,"column":16},"end":{"line":57,"column":51}},"19":{"start":{"line":58,"column":2},"end":{"line":58,"column":74}},"20":{"start":{"line":58,"column":14},"end":{"line":58,"column":74}},"21":{"start":{"line":59,"column":2},"end":{"line":59,"column":18}},"22":{"start":{"line":62,"column":0},"end":{"line":66,"column":2}},"23":{"start":{"line":63,"column":18},"end":{"line":63,"column":87}},"24":{"start":{"line":64,"column":2},"end":{"line":64,"column":76}},"25":{"start":{"line":64,"column":16},"end":{"line":64,"column":76}},"26":{"start":{"line":65,"column":2},"end":{"line":65,"column":20}},"27":{"start":{"line":68,"column":0},"end":{"line":72,"column":2}},"28":{"start":{"line":69,"column":18},"end":{"line":69,"column":62}},"29":{"start":{"line":70,"column":2},"end":{"line":70,"column":76}},"30":{"start":{"line":70,"column":16},"end":{"line":70,"column":76}},"31":{"start":{"line":71,"column":2},"end":{"line":71,"column":54}}},"fnMap":{"0":{"name":"(anonymous_0)","decl":{"start":{"line":3,"column":22},"end":{"line":3,"column":23}},"loc":{"start":{"line":3,"column":42},"end":{"line":35,"column":1}},"line":3},"1":{"name":"(anonymous_1)","decl":{"start":{"line":38,"column":21},"end":{"line":38,"column":22}},"loc":{"start":{"line":38,"column":41},"end":{"line":53,"column":1}},"line":38},"2":{"name":"(anonymous_2)","decl":{"start":{"line":56,"column":23},"end":{"line":56,"column":24}},"loc":{"start":{"line":56,"column":43},"end":{"line":60,"column":1}},"line":56},"3":{"name":"(anonymous_3)","decl":{"start":{"line":62,"column":22},"end":{"line":62,"column":23}},"loc":{"start":{"line":62,"column":42},"end":{"line":66,"column":1}},"line":62},"4":{"name":"(anonymous_4)","decl":{"start":{"line":68,"column":22},"end":{"line":68,"column":23}},"loc":{"start":{"line":68,"column":42},"end":{"line":72,"column":1}},"line":68}},"branchMap":{"0":{"loc":{"start":{"line":16,"column":18},"end":{"line":16,"column":53}},"type":"cond-expr","locations":[{"start":{"line":16,"column":29},"end":{"line":16,"column":46}},{"start":{"line":16,"column":49},"end":{"line":16,"column":53}}],"line":16},"1":{"loc":{"start":{"line":44,"column":4},"end":{"line":46,"column":5}},"type":"if","locations":[{"start":{"line":44,"column":4},"end":{"line":46,"column":5}},{"start":{},"end":{}}],"line":44},"2":{"loc":{"start":{"line":58,"column":2},"end":{"line":58,"column":74}},"type":"if","locations":[{"start":{"line":58,"column":2},"end":{"line":58,"column":74}},{"start":{},"end":{}}],"line":58},"3":{"loc":{"start":{"line":64,"column":2},"end":{"line":64,"column":76}},"type":"if","locations":[{"start":{"line":64,"column":2},"end":{"line":64,"column":76}},{"start":{},"end":{}}],"line":64},"4":{"loc":{"start":{"line":70,"column":2},"end":{"line":70,"column":76}},"type":"if","locations":[{"start":{"line":70,"column":2},"end":{"line":70,"column":76}},{"start":{},"end":{}}],"line":70}},"s":{"0":2,"1":2,"2":2,"3":2,"4":2,"5":2,"6":1,"7":1,"8":2,"9":5,"10":5,"11":5,"12":5,"13":2,"14":5,"15":4,"16":1,"17":2,"18":2,"19":2,"20":1,"21":1,"22":2,"23":2,"24":2,"25":1,"26":1,"27":2,"28":2,"29":2,"30":1,"31":1},"f":{"0":2,"1":5,"2":2,"3":2,"4":2},"b":{"0":[0,2],"1":[2,3],"2":[1,1],"3":[1,1],"4":[1,1]},"_coverageSchema":"1a1c01bbd47fc00a2c39e90264f33305004495a9","hash":"15b4cf24a5ed0ee5afb82fc8e18ab1fef5d6cad2"}
,"/Users/xiu/Documents/Agri_Passport/Agri-Passport-backend/middleware/uploadMiddleware.js": {"path":"/Users/xiu/Documents/Agri_Passport/Agri-Passport-backend/middleware/uploadMiddleware.js","statementMap":{"0":{"start":{"line":1,"column":15},"end":{"line":1,"column":32}},"1":{"start":{"line":2,"column":13},"end":{"line":2,"column":28}},"2":{"start":{"line":5,"column":16},"end":{"line":12,"column":2}},"3":{"start":{"line":7,"column":4},"end":{"line":7,"column":25}},"4":{"start":{"line":10,"column":4},"end":{"line":10,"column":59}},"5":{"start":{"line":14,"column":15},"end":{"line":22,"column":2}},"6":{"start":{"line":18,"column":25},"end":{"line":18,"column":43}},"7":{"start":{"line":19,"column":20},"end":{"line":19,"column":84}},"8":{"start":{"line":20,"column":4},"end":{"line":20,"column":22}},"9":{"start":{"line":24,"column":0},"end":{"line":24,"column":24}}},"fnMap":{"0":{"name":"(anonymous_0)","decl":{"start":{"line":6,"column":15},"end":{"line":6,"column":16}},"loc":{"start":{"line":6,"column":40},"end":{"line":8,"column":3}},"line":6},"1":{"name":"(anonymous_1)","decl":{"start":{"line":9,"column":12},"end":{"line":9,"column":13}},"loc":{"start":{"line":9,"column":37},"end":{"line":11,"column":3}},"line":9},"2":{"name":"(anonymous_2)","decl":{"start":{"line":17,"column":14},"end":{"line":17,"column":15}},"loc":{"start":{"line":17,"column":33},"end":{"line":21,"column":3}},"line":17}},"branchMap":{},"s":{"0":1,"1":1,"2":1,"3":0,"4":0,"5":1,"6":0,"7":0,"8":0,"9":1},"f":{"0":0,"1":0,"2":0},"b":{},"_coverageSchema":"1a1c01bbd47fc00a2c39e90264f33305004495a9","hash":"7cef948b3aa5b34010dc285c83b5e2c885d0c3ae"}
,"/Users/xiu/Documents/Agri_Passport/Agri-Passport-backend/models/batchModel.js": {"path":"/Users/xiu/Documents/Agri_Passport/Agri-Passport-backend/models/batchModel.js","statementMap":{"0":{"start":{"line":1,"column":17},"end":{"line":1,"column":36}},"1":{"start":{"line":3,"column":25},"end":{"line":12,"column":2}},"2":{"start":{"line":14,"column":20},"end":{"line":52,"column":1}},"3":{"start":{"line":54,"column":0},"end":{"line":54,"column":54}}},"fnMap":{},"branchMap":{},"s":{"0":2,"1":2,"2":2,"3":2},"f":{},"b":{},"_coverageSchema":"1a1c01bbd47fc00a2c39e90264f33305004495a9","hash":"aa1e75340d69492ce7be13be1693e48bd18aacee"}
,"/Users/xiu/Documents/Agri_Passport/Agri-Passport-backend/models/userModel.js": {"path":"/Users/xiu/Documents/Agri_Passport/Agri-Passport-backend/models/userModel.js","statementMap":{"0":{"start":{"line":1,"column":17},"end":{"line":1,"column":36}},"1":{"start":{"line":2,"column":15},"end":{"line":2,"column":34}},"2":{"start":{"line":4,"column":19},"end":{"line":17,"column":1}},"3":{"start":{"line":20,"column":0},"end":{"line":25,"column":3}},"4":{"start":{"line":21,"column":2},"end":{"line":21,"column":50}},"5":{"start":{"line":21,"column":36},"end":{"line":21,"column":50}},"6":{"start":{"line":22,"column":15},"end":{"line":22,"column":39}},"7":{"start":{"line":23,"column":2},"end":{"line":23,"column":57}},"8":{"start":{"line":24,"column":2},"end":{"line":24,"column":9}},"9":{"start":{"line":28,"column":0},"end":{"line":30,"column":2}},"10":{"start":{"line":29,"column":2},"end":{"line":29,"column":62}},"11":{"start":{"line":32,"column":0},"end":{"line":32,"column":52}}},"fnMap":{"0":{"name":"(anonymous_0)","decl":{"start":{"line":20,"column":23},"end":{"line":20,"column":24}},"loc":{"start":{"line":20,"column":45},"end":{"line":25,"column":1}},"line":20},"1":{"name":"(anonymous_1)","decl":{"start":{"line":28,"column":35},"end":{"line":28,"column":36}},"loc":{"start":{"line":28,"column":68},"end":{"line":30,"column":1}},"line":28}},"branchMap":{"0":{"loc":{"start":{"line":21,"column":2},"end":{"line":21,"column":50}},"type":"if","locations":[{"start":{"line":21,"column":2},"end":{"line":21,"column":50}},{"start":{},"end":{}}],"line":21}},"s":{"0":2,"1":2,"2":2,"3":2,"4":0,"5":0,"6":0,"7":0,"8":0,"9":2,"10":2,"11":2},"f":{"0":0,"1":2},"b":{"0":[0,0]},"_coverageSchema":"1a1c01bbd47fc00a2c39e90264f33305004495a9","hash":"8adfcc12635081fe1347d727d0a44dce61e3c9f6"}
,"/Users/xiu/Documents/Agri_Passport/Agri-Passport-backend/routes/auth.js": {"path":"/Users/xiu/Documents/Agri_Passport/Agri-Passport-backend/routes/auth.js","statementMap":{"0":{"start":{"line":1,"column":16},"end":{"line":1,"column":34}},"1":{"start":{"line":2,"column":15},"end":{"line":2,"column":31}},"2":{"start":{"line":3,"column":51},"end":{"line":3,"column":91}},"3":{"start":{"line":4,"column":20},"end":{"line":4,"column":59}},"4":{"start":{"line":5,"column":13},"end":{"line":5,"column":43}},"5":{"start":{"line":49,"column":0},"end":{"line":49,"column":39}},"6":{"start":{"line":99,"column":0},"end":{"line":99,"column":32}},"7":{"start":{"line":135,"column":0},"end":{"line":135,"column":48}},"8":{"start":{"line":139,"column":0},"end":{"line":146,"column":3}},"9":{"start":{"line":140,"column":2},"end":{"line":145,"column":3}},"10":{"start":{"line":141,"column":26},"end":{"line":141,"column":67}},"11":{"start":{"line":142,"column":4},"end":{"line":142,"column":28}},"12":{"start":{"line":144,"column":4},"end":{"line":144,"column":70}},"13":{"start":{"line":148,"column":0},"end":{"line":148,"column":24}}},"fnMap":{"0":{"name":"(anonymous_0)","decl":{"start":{"line":139,"column":38},"end":{"line":139,"column":39}},"loc":{"start":{"line":139,"column":58},"end":{"line":146,"column":1}},"line":139}},"branchMap":{},"s":{"0":1,"1":1,"2":1,"3":1,"4":1,"5":1,"6":1,"7":1,"8":1,"9":1,"10":1,"11":1,"12":0,"13":1},"f":{"0":1},"b":{},"_coverageSchema":"1a1c01bbd47fc00a2c39e90264f33305004495a9","hash":"5f3e450aa2466a86b08539a69c617022f425f9f1"}
,"/Users/xiu/Documents/Agri_Passport/Agri-Passport-backend/routes/batch.js": {"path":"/Users/xiu/Documents/Agri_Passport/Agri-Passport-backend/routes/batch.js","statementMap":{"0":{"start":{"line":1,"column":16},"end":{"line":1,"column":34}},"1":{"start":{"line":2,"column":15},"end":{"line":2,"column":31}},"2":{"start":{"line":3,"column":15},"end":{"line":3,"column":56}},"3":{"start":{"line":10,"column":4},"end":{"line":10,"column":45}},"4":{"start":{"line":11,"column":36},"end":{"line":11,"column":75}},"5":{"start":{"line":12,"column":18},"end":{"line":12,"column":47}},"6":{"start":{"line":74,"column":0},"end":{"line":74,"column":60}},"7":{"start":{"line":92,"column":2},"end":{"line":92,"column":30}},"8":{"start":{"line":96,"column":0},"end":{"line":103,"column":3}},"9":{"start":{"line":97,"column":2},"end":{"line":102,"column":3}},"10":{"start":{"line":98,"column":20},"end":{"line":98,"column":96}},"11":{"start":{"line":99,"column":4},"end":{"line":99,"column":34}},"12":{"start":{"line":101,"column":4},"end":{"line":101,"column":76}},"13":{"start":{"line":107,"column":0},"end":{"line":117,"column":3}},"14":{"start":{"line":108,"column":2},"end":{"line":116,"column":3}},"15":{"start":{"line":109,"column":20},"end":{"line":112,"column":6}},"16":{"start":{"line":113,"column":4},"end":{"line":113,"column":34}},"17":{"start":{"line":115,"column":4},"end":{"line":115,"column":76}},"18":{"start":{"line":120,"column":0},"end":{"line":141,"column":3}},"19":{"start":{"line":121,"column":18},"end":{"line":121,"column":34}},"20":{"start":{"line":122,"column":17},"end":{"line":122,"column":32}},"21":{"start":{"line":124,"column":2},"end":{"line":140,"column":3}},"22":{"start":{"line":125,"column":18},"end":{"line":125,"column":73}},"23":{"start":{"line":126,"column":4},"end":{"line":126,"column":76}},"24":{"start":{"line":126,"column":16},"end":{"line":126,"column":76}},"25":{"start":{"line":128,"column":4},"end":{"line":130,"column":5}},"26":{"start":{"line":129,"column":6},"end":{"line":129,"column":82}},"27":{"start":{"line":132,"column":4},"end":{"line":135,"column":5}},"28":{"start":{"line":133,"column":6},"end":{"line":133,"column":36}},"29":{"start":{"line":134,"column":6},"end":{"line":134,"column":25}},"30":{"start":{"line":137,"column":4},"end":{"line":137,"column":74}},"31":{"start":{"line":139,"column":4},"end":{"line":139,"column":76}},"32":{"start":{"line":145,"column":0},"end":{"line":152,"column":3}},"33":{"start":{"line":146,"column":2},"end":{"line":151,"column":3}},"34":{"start":{"line":147,"column":20},"end":{"line":147,"column":92}},"35":{"start":{"line":148,"column":4},"end":{"line":148,"column":34}},"36":{"start":{"line":150,"column":4},"end":{"line":150,"column":76}},"37":{"start":{"line":155,"column":0},"end":{"line":172,"column":3}},"38":{"start":{"line":156,"column":2},"end":{"line":171,"column":3}},"39":{"start":{"line":157,"column":23},"end":{"line":157,"column":54}},"40":{"start":{"line":158,"column":25},"end":{"line":158,"column":58}},"41":{"start":{"line":159,"column":28},"end":{"line":159,"column":83}},"42":{"start":{"line":160,"column":27},"end":{"line":160,"column":81}},"43":{"start":{"line":161,"column":28},"end":{"line":161,"column":83}},"44":{"start":{"line":163,"column":4},"end":{"line":168,"column":7}},"45":{"start":{"line":170,"column":4},"end":{"line":170,"column":76}},"46":{"start":{"line":197,"column":0},"end":{"line":197,"column":33}},"47":{"start":{"line":201,"column":0},"end":{"line":209,"column":3}},"48":{"start":{"line":202,"column":2},"end":{"line":208,"column":3}},"49":{"start":{"line":203,"column":18},"end":{"line":203,"column":117}},"50":{"start":{"line":204,"column":4},"end":{"line":204,"column":76}},"51":{"start":{"line":204,"column":16},"end":{"line":204,"column":76}},"52":{"start":{"line":205,"column":4},"end":{"line":205,"column":32}},"53":{"start":{"line":207,"column":4},"end":{"line":207,"column":76}},"54":{"start":{"line":243,"column":0},"end":{"line":243,"column":32}},"55":{"start":{"line":264,"column":0},"end":{"line":264,"column":35}},"56":{"start":{"line":303,"column":0},"end":{"line":399,"column":2}},"57":{"start":{"line":308,"column":23},"end":{"line":308,"column":31}},"58":{"start":{"line":309,"column":26},"end":{"line":309,"column":50}},"59":{"start":{"line":311,"column":4},"end":{"line":313,"column":5}},"60":{"start":{"line":312,"column":6},"end":{"line":312,"column":71}},"61":{"start":{"line":315,"column":18},"end":{"line":315,"column":79}},"62":{"start":{"line":316,"column":4},"end":{"line":316,"column":76}},"63":{"start":{"line":316,"column":16},"end":{"line":316,"column":76}},"64":{"start":{"line":318,"column":24},"end":{"line":318,"column":101}},"65":{"start":{"line":319,"column":27},"end":{"line":319,"column":47}},"66":{"start":{"line":322,"column":25},"end":{"line":322,"column":29}},"67":{"start":{"line":324,"column":4},"end":{"line":387,"column":5}},"68":{"start":{"line":326,"column":27},"end":{"line":326,"column":88}},"69":{"start":{"line":327,"column":26},"end":{"line":327,"column":107}},"70":{"start":{"line":328,"column":6},"end":{"line":330,"column":7}},"71":{"start":{"line":329,"column":8},"end":{"line":329,"column":95}},"72":{"start":{"line":332,"column":22},"end":{"line":375,"column":7}},"73":{"start":{"line":361,"column":54},"end":{"line":361,"column":96}},"74":{"start":{"line":365,"column":50},"end":{"line":365,"column":84}},"75":{"start":{"line":377,"column":6},"end":{"line":386,"column":7}},"76":{"start":{"line":378,"column":25},"end":{"line":381,"column":9}},"77":{"start":{"line":382,"column":8},"end":{"line":382,"column":50}},"78":{"start":{"line":384,"column":28},"end":{"line":384,"column":123}},"79":{"start":{"line":385,"column":8},"end":{"line":385,"column":70}},"80":{"start":{"line":389,"column":4},"end":{"line":397,"column":5}},"81":{"start":{"line":390,"column":6},"end":{"line":390,"column":28}},"82":{"start":{"line":391,"column":6},"end":{"line":391,"column":44}},"83":{"start":{"line":392,"column":6},"end":{"line":392,"column":25}},"84":{"start":{"line":394,"column":6},"end":{"line":394,"column":66}},"85":{"start":{"line":396,"column":6},"end":{"line":396,"column":76}},"86":{"start":{"line":402,"column":0},"end":{"line":402,"column":24}},"87":{"start":{"line":409,"column":85},"end":{"line":409,"column":40203}},"88":{"start":{"line":409,"column":89},"end":{"line":409,"column":40192}}},"fnMap":{"0":{"name":"(anonymous_0)","decl":{"start":{"line":96,"column":29},"end":{"line":96,"column":30}},"loc":{"start":{"line":96,"column":49},"end":{"line":103,"column":1}},"line":96},"1":{"name":"(anonymous_1)","decl":{"start":{"line":107,"column":33},"end":{"line":107,"column":34}},"loc":{"start":{"line":107,"column":53},"end":{"line":117,"column":1}},"line":107},"2":{"name":"(anonymous_2)","decl":{"start":{"line":120,"column":31},"end":{"line":120,"column":32}},"loc":{"start":{"line":120,"column":51},"end":{"line":141,"column":1}},"line":120},"3":{"name":"(anonymous_3)","decl":{"start":{"line":145,"column":31},"end":{"line":145,"column":32}},"loc":{"start":{"line":145,"column":51},"end":{"line":152,"column":1}},"line":145},"4":{"name":"(anonymous_4)","decl":{"start":{"line":155,"column":57},"end":{"line":155,"column":58}},"loc":{"start":{"line":155,"column":77},"end":{"line":172,"column":1}},"line":155},"5":{"name":"(anonymous_5)","decl":{"start":{"line":201,"column":39},"end":{"line":201,"column":40}},"loc":{"start":{"line":201,"column":59},"end":{"line":209,"column":1}},"line":201},"6":{"name":"(anonymous_6)","decl":{"start":{"line":307,"column":2},"end":{"line":307,"column":3}},"loc":{"start":{"line":307,"column":22},"end":{"line":398,"column":3}},"line":307},"7":{"name":"(anonymous_7)","decl":{"start":{"line":361,"column":47},"end":{"line":361,"column":48}},"loc":{"start":{"line":361,"column":54},"end":{"line":361,"column":96}},"line":361},"8":{"name":"(anonymous_8)","decl":{"start":{"line":365,"column":43},"end":{"line":365,"column":44}},"loc":{"start":{"line":365,"column":50},"end":{"line":365,"column":84}},"line":365},"9":{"name":"oo_cm","decl":{"start":{"line":409,"column":77},"end":{"line":409,"column":82}},"loc":{"start":{"line":409,"column":84},"end":{"line":409,"column":40204}},"line":409}},"branchMap":{"0":{"loc":{"start":{"line":126,"column":4},"end":{"line":126,"column":76}},"type":"if","locations":[{"start":{"line":126,"column":4},"end":{"line":126,"column":76}},{"start":{},"end":{}}],"line":126},"1":{"loc":{"start":{"line":128,"column":4},"end":{"line":130,"column":5}},"type":"if","locations":[{"start":{"line":128,"column":4},"end":{"line":130,"column":5}},{"start":{},"end":{}}],"line":128},"2":{"loc":{"start":{"line":132,"column":4},"end":{"line":135,"column":5}},"type":"if","locations":[{"start":{"line":132,"column":4},"end":{"line":135,"column":5}},{"start":{},"end":{}}],"line":132},"3":{"loc":{"start":{"line":204,"column":4},"end":{"line":204,"column":76}},"type":"if","locations":[{"start":{"line":204,"column":4},"end":{"line":204,"column":76}},{"start":{},"end":{}}],"line":204},"4":{"loc":{"start":{"line":311,"column":4},"end":{"line":313,"column":5}},"type":"if","locations":[{"start":{"line":311,"column":4},"end":{"line":313,"column":5}},{"start":{},"end":{}}],"line":311},"5":{"loc":{"start":{"line":316,"column":4},"end":{"line":316,"column":76}},"type":"if","locations":[{"start":{"line":316,"column":4},"end":{"line":316,"column":76}},{"start":{},"end":{}}],"line":316},"6":{"loc":{"start":{"line":324,"column":4},"end":{"line":387,"column":5}},"type":"if","locations":[{"start":{"line":324,"column":4},"end":{"line":387,"column":5}},{"start":{},"end":{}}],"line":324},"7":{"loc":{"start":{"line":328,"column":6},"end":{"line":330,"column":7}},"type":"if","locations":[{"start":{"line":328,"column":6},"end":{"line":330,"column":7}},{"start":{},"end":{}}],"line":328},"8":{"loc":{"start":{"line":328,"column":10},"end":{"line":328,"column":54}},"type":"binary-expr","locations":[{"start":{"line":328,"column":10},"end":{"line":328,"column":23}},{"start":{"line":328,"column":27},"end":{"line":328,"column":54}}],"line":328},"9":{"loc":{"start":{"line":357,"column":25},"end":{"line":357,"column":72}},"type":"binary-expr","locations":[{"start":{"line":357,"column":25},"end":{"line":357,"column":46}},{"start":{"line":357,"column":50},"end":{"line":357,"column":72}}],"line":357},"10":{"loc":{"start":{"line":409,"column":96},"end":{"line":409,"column":40191}},"type":"binary-expr","locations":[{"start":{"line":409,"column":96},"end":{"line":409,"column":133}},{"start":{"line":409,"column":137},"end":{"line":409,"column":40191}}],"line":409}},"s":{"0":1,"1":1,"2":1,"3":1,"4":1,"5":1,"6":1,"7":1,"8":1,"9":1,"10":1,"11":1,"12":0,"13":1,"14":0,"15":0,"16":0,"17":0,"18":1,"19":0,"20":0,"21":0,"22":0,"23":0,"24":0,"25":0,"26":0,"27":0,"28":0,"29":0,"30":0,"31":0,"32":1,"33":0,"34":0,"35":0,"36":0,"37":1,"38":0,"39":0,"40":0,"41":0,"42":0,"43":0,"44":0,"45":0,"46":1,"47":1,"48":0,"49":0,"50":0,"51":0,"52":0,"53":0,"54":1,"55":1,"56":1,"57":0,"58":0,"59":0,"60":0,"61":0,"62":0,"63":0,"64":0,"65":0,"66":0,"67":0,"68":0,"69":0,"70":0,"71":0,"72":0,"73":0,"74":0,"75":0,"76":0,"77":0,"78":0,"79":0,"80":0,"81":0,"82":0,"83":0,"84":0,"85":0,"86":1,"87":0,"88":0},"f":{"0":1,"1":0,"2":0,"3":0,"4":0,"5":0,"6":0,"7":0,"8":0,"9":0},"b":{"0":[0,0],"1":[0,0],"2":[0,0],"3":[0,0],"4":[0,0],"5":[0,0],"6":[0,0],"7":[0,0],"8":[0,0],"9":[0,0],"10":[0,0]},"_coverageSchema":"1a1c01bbd47fc00a2c39e90264f33305004495a9","hash":"cb5e1f59e630b079f4fc32b96dae209ea6f743be"}
,"/Users/xiu/Documents/Agri_Passport/Agri-Passport-backend/utils/apiClient.js": {"path":"/Users/xiu/Documents/Agri_Passport/Agri-Passport-backend/utils/apiClient.js","statementMap":{"0":{"start":{"line":2,"column":14},"end":{"line":2,"column":30}},"1":{"start":{"line":3,"column":0},"end":{"line":3,"column":27}},"2":{"start":{"line":5,"column":18},"end":{"line":12,"column":2}},"3":{"start":{"line":14,"column":0},"end":{"line":14,"column":27}}},"fnMap":{},"branchMap":{},"s":{"0":1,"1":1,"2":1,"3":1},"f":{},"b":{},"_coverageSchema":"1a1c01bbd47fc00a2c39e90264f33305004495a9","hash":"43383477e914652470fe61b4d29066743808eabe"}
}
