TN:
SF:controllers/authController.js
FN:6,(anonymous_0)
FN:33,(anonymous_1)
FN:53,(anonymous_2)
FNF:3
FNH:2
FNDA:11,(anonymous_0)
FNDA:6,(anonymous_1)
FNDA:0,(anonymous_2)
DA:1,2
DA:2,2
DA:3,2
DA:6,2
DA:7,11
DA:9,11
DA:10,11
DA:11,5
DA:14,6
DA:15,5
DA:17,4
DA:19,4
DA:27,1
DA:33,2
DA:34,6
DA:35,6
DA:36,6
DA:37,5
DA:38,2
DA:46,3
DA:49,1
DA:53,2
DA:54,0
DA:56,0
DA:57,0
DA:59,0
DA:60,0
LF:27
LH:22
BRDA:10,0,0,5
BRDA:10,0,1,6
BRDA:15,1,0,1
BRDA:15,1,1,4
BRDA:37,2,0,2
BRDA:37,2,1,3
BRDA:37,3,0,5
BRDA:37,3,1,3
BRDA:56,4,0,0
BRDA:56,4,1,0
BRF:10
BRH:8
end_of_record
TN:
SF:controllers/batchController.js
FN:3,(anonymous_0)
FN:38,(anonymous_1)
FN:56,(anonymous_2)
FN:62,(anonymous_3)
FN:68,(anonymous_4)
FNF:5
FNH:5
FNDA:2,(anonymous_0)
FNDA:5,(anonymous_1)
FNDA:2,(anonymous_2)
FNDA:2,(anonymous_3)
FNDA:2,(anonymous_4)
DA:1,2
DA:3,2
DA:4,2
DA:14,2
DA:16,2
DA:18,2
DA:31,1
DA:33,1
DA:38,2
DA:39,5
DA:40,5
DA:41,5
DA:44,5
DA:45,2
DA:48,5
DA:49,4
DA:51,1
DA:56,2
DA:57,2
DA:58,2
DA:59,1
DA:62,2
DA:63,2
DA:64,2
DA:65,1
DA:68,2
DA:69,2
DA:70,2
DA:71,1
LF:29
LH:29
BRDA:16,0,0,0
BRDA:16,0,1,2
BRDA:44,1,0,2
BRDA:44,1,1,3
BRDA:58,2,0,1
BRDA:58,2,1,1
BRDA:64,3,0,1
BRDA:64,3,1,1
BRDA:70,4,0,1
BRDA:70,4,1,1
BRF:10
BRH:9
end_of_record
TN:
SF:middleware/uploadMiddleware.js
FN:6,(anonymous_0)
FN:9,(anonymous_1)
FN:17,(anonymous_2)
FNF:3
FNH:0
FNDA:0,(anonymous_0)
FNDA:0,(anonymous_1)
FNDA:0,(anonymous_2)
DA:1,1
DA:2,1
DA:5,1
DA:7,0
DA:10,0
DA:14,1
DA:18,0
DA:19,0
DA:20,0
DA:24,1
LF:10
LH:5
BRF:0
BRH:0
end_of_record
TN:
SF:models/batchModel.js
FNF:0
FNH:0
DA:1,2
DA:3,2
DA:14,2
DA:54,2
LF:4
LH:4
BRF:0
BRH:0
end_of_record
TN:
SF:models/userModel.js
FN:20,(anonymous_0)
FN:28,(anonymous_1)
FNF:2
FNH:1
FNDA:0,(anonymous_0)
FNDA:2,(anonymous_1)
DA:1,2
DA:2,2
DA:4,2
DA:20,2
DA:21,0
DA:22,0
DA:23,0
DA:24,0
DA:28,2
DA:29,2
DA:32,2
LF:11
LH:7
BRDA:21,0,0,0
BRDA:21,0,1,0
BRF:2
BRH:0
end_of_record
TN:
SF:routes/auth.js
FN:139,(anonymous_0)
FNF:1
FNH:1
FNDA:1,(anonymous_0)
DA:1,1
DA:2,1
DA:3,1
DA:4,1
DA:5,1
DA:49,1
DA:99,1
DA:135,1
DA:139,1
DA:140,1
DA:141,1
DA:142,1
DA:144,0
DA:148,1
LF:14
LH:13
BRF:0
BRH:0
end_of_record
TN:
SF:routes/batch.js
FN:96,(anonymous_0)
FN:107,(anonymous_1)
FN:120,(anonymous_2)
FN:145,(anonymous_3)
FN:155,(anonymous_4)
FN:201,(anonymous_5)
FN:307,(anonymous_6)
FN:361,(anonymous_7)
FN:365,(anonymous_8)
FN:409,oo_cm
FNF:10
FNH:1
FNDA:1,(anonymous_0)
FNDA:0,(anonymous_1)
FNDA:0,(anonymous_2)
FNDA:0,(anonymous_3)
FNDA:0,(anonymous_4)
FNDA:0,(anonymous_5)
FNDA:0,(anonymous_6)
FNDA:0,(anonymous_7)
FNDA:0,(anonymous_8)
FNDA:0,oo_cm
DA:1,1
DA:2,1
DA:3,1
DA:10,1
DA:11,1
DA:12,1
DA:74,1
DA:92,1
DA:96,1
DA:97,1
DA:98,1
DA:99,1
DA:101,0
DA:107,1
DA:108,0
DA:109,0
DA:113,0
DA:115,0
DA:120,1
DA:121,0
DA:122,0
DA:124,0
DA:125,0
DA:126,0
DA:128,0
DA:129,0
DA:132,0
DA:133,0
DA:134,0
DA:137,0
DA:139,0
DA:145,1
DA:146,0
DA:147,0
DA:148,0
DA:150,0
DA:155,1
DA:156,0
DA:157,0
DA:158,0
DA:159,0
DA:160,0
DA:161,0
DA:163,0
DA:170,0
DA:197,1
DA:201,1
DA:202,0
DA:203,0
DA:204,0
DA:205,0
DA:207,0
DA:243,1
DA:264,1
DA:303,1
DA:308,0
DA:309,0
DA:311,0
DA:312,0
DA:315,0
DA:316,0
DA:318,0
DA:319,0
DA:322,0
DA:324,0
DA:326,0
DA:327,0
DA:328,0
DA:329,0
DA:332,0
DA:361,0
DA:365,0
DA:377,0
DA:378,0
DA:382,0
DA:384,0
DA:385,0
DA:389,0
DA:390,0
DA:391,0
DA:392,0
DA:394,0
DA:396,0
DA:402,1
DA:409,0
LF:85
LH:22
BRDA:126,0,0,0
BRDA:126,0,1,0
BRDA:128,1,0,0
BRDA:128,1,1,0
BRDA:132,2,0,0
BRDA:132,2,1,0
BRDA:204,3,0,0
BRDA:204,3,1,0
BRDA:311,4,0,0
BRDA:311,4,1,0
BRDA:316,5,0,0
BRDA:316,5,1,0
BRDA:324,6,0,0
BRDA:324,6,1,0
BRDA:328,7,0,0
BRDA:328,7,1,0
BRDA:328,8,0,0
BRDA:328,8,1,0
BRDA:357,9,0,0
BRDA:357,9,1,0
BRDA:409,10,0,0
BRDA:409,10,1,0
BRF:22
BRH:0
end_of_record
TN:
SF:utils/apiClient.js
FNF:0
FNH:0
DA:2,1
DA:3,1
DA:5,1
DA:14,1
LF:4
LH:4
BRF:0
BRH:0
end_of_record
